Arguments: 
  /usr/bin/node /home/gabriel/.yarn/bin/yarn.js add react-github-calendar

PATH: 
  /home/gabriel/.yarn/bin:/home/gabriel/.config/yarn/global/node_modules/.bin:/usr/local/sbin:/usr/local/bin:/usr/sbin:/usr/bin:/sbin:/bin:/usr/games:/usr/local/games:/mnt/c/Python38/Scripts/:/mnt/c/Python38/:/mnt/c/windows/system32:/mnt/c/windows:/mnt/c/windows/System32/Wbem:/mnt/c/windows/System32/WindowsPowerShell/v1.0/:/mnt/c/windows/System32/OpenSSH/:/mnt/c/Program Files (x86)/NVIDIA Corporation/PhysX/Common:/mnt/c/ProgramData/chocolatey/bin:/mnt/c/WINDOWS/system32:/mnt/c/WINDOWS:/mnt/c/WINDOWS/System32/Wbem:/mnt/c/WINDOWS/System32/WindowsPowerShell/v1.0/:/mnt/c/WINDOWS/System32/OpenSSH/:/mnt/c/Program Files/Git/cmd:/mnt/c/Program Files (x86)/Yarn/bin/:/mnt/c/Users/Fonoa/AppData/Local/Microsoft/WindowsApps:/mnt/c/Users/Fonoa/AppData/Local/atom/bin:/mnt/c/Users/Fonoa/AppData/Local/Yarn/bin:/mnt/c/php:/mnt/c/Users/Fonoa/AppData/Local/Programs/Microsoft VS Code/bin:/mnt/c/Program Files/heroku/bin:/mnt/c/Users/Fonoa/AppData/Local/Microsoft/WindowsApps:/snap/bin

Yarn version: 
  1.22.5

Node version: 
  13.13.0

Platform: 
  linux x64

Trace: 
  Error: getaddrinfo EAI_AGAIN registry.yarnpkg.com
      at GetAddrInfoReqWrap.onlookup [as oncomplete] (dns.js:66:26)

npm manifest: 
  {
    "name": "gatsby-starter-hello-world",
    "private": true,
    "description": "A simplified bare-bones starter for Gatsby",
    "version": "0.1.0",
    "license": "0BSD",
    "scripts": {
      "build": "gatsby build",
      "develop": "gatsby develop",
      "format": "prettier --write \"**/*.{js,jsx,ts,tsx,json,md}\"",
      "start": "npm run develop",
      "serve": "gatsby serve",
      "clean": "gatsby clean",
      "test": "echo \"Write tests! -> https://gatsby.dev/unit-testing\" && exit 1"
    },
    "dependencies": {
      "gatsby": "^2.28.0",
      "gatsby-cli": "^2.12.100",
      "gatsby-image": "^2.4.17",
      "gatsby-plugin-google-fonts": "^1.0.1",
      "gatsby-plugin-prefetch-google-fonts": "^1.4.3",
      "gatsby-plugin-react-helmet": "^3.3.11",
      "gatsby-plugin-sharp": "^2.6.35",
      "gatsby-plugin-sitemap": "^2.4.13",
      "gatsby-plugin-webfonts": "^1.1.3",
      "gatsby-source-filesystem": "^2.3.32",
      "gatsby-source-strapi": "0.0.12",
      "gatsby-transformer-sharp": "^2.5.14",
      "react": "^16.13.1",
      "react-dom": "^16.13.1",
      "react-github-calendar": "^2.0.1",
      "react-helmet": "^6.1.0",
      "react-icons": "^3.11.0",
      "react-markdown": "^4.3.1",
      "react-uuid": "^1.0.2",
      "yarn": "^1.22.10"
    },
    "devDependencies": {
      "prettier": "2.1.1"
    },
    "repository": {
      "type": "git",
      "url": "https://github.com/gatsbyjs/gatsby-starter-hello-world"
    },
    "bugs": {
      "url": "https://github.com/gatsbyjs/gatsby/issues"
    }
  }

yarn manifest: 
  No manifest

Lockfile: 
  No lockfile
